DeepakMediaPlayer/automotive/build/intermediates/manifest_merge_blame_file/debug/processDebugMainManifest/manifest-merger-blame-debug-report.txt
1<?xml version="1.0" encoding="utf-8"?>
2<manifest xmlns:android="http://schemas.android.com/apk/res/android"
3    package="com.example.deepakmediaplayer"
4    android:versionCode="1"
5    android:versionName="1.0" >
6
7    <uses-sdk
8        android:minSdkVersion="26"
9        android:targetSdkVersion="35" />
10
11    <!-- Device Compatibility: Automotive -->
12    <uses-feature
12-->src/main/AndroidManifest.xml:6:5-8:36
13        android:name="android.hardware.type.automotive"
13-->src/main/AndroidManifest.xml:7:9-56
14        android:required="false" /> <!-- Permissions -->
14-->src/main/AndroidManifest.xml:8:9-33
15    <uses-permission android:name="android.permission.READ_MEDIA_AUDIO" />
15-->src/main/AndroidManifest.xml:9:5-75
15-->src/main/AndroidManifest.xml:9:22-72
16    <uses-permission android:name="android.permission.FOREGROUND_SERVICE" />
16-->src/main/AndroidManifest.xml:10:5-77
16-->src/main/AndroidManifest.xml:10:22-74
17    <uses-permission android:name="android.permission.POST_NOTIFICATIONS" />
17-->src/main/AndroidManifest.xml:11:5-77
17-->src/main/AndroidManifest.xml:11:22-74
18    <uses-permission
18-->src/main/AndroidManifest.xml:12:5-14:38
19        android:name="android.permission.READ_EXTERNAL_STORAGE"
19-->src/main/AndroidManifest.xml:13:9-64
20        android:maxSdkVersion="32" />
20-->src/main/AndroidManifest.xml:14:9-35
21    <uses-permission android:name="android.permission.FOREGROUND_SERVICE_MEDIA_PLAYBACK" />
21-->src/main/AndroidManifest.xml:15:5-92
21-->src/main/AndroidManifest.xml:15:22-89
22    <uses-permission android:name="android.permission.READ_PHONE_STATE" />
22-->src/main/AndroidManifest.xml:16:5-75
22-->src/main/AndroidManifest.xml:16:22-72
23    <uses-permission android:name="android.permission.READ_PHONE_NUMBERS" />
23-->src/main/AndroidManifest.xml:17:5-77
23-->src/main/AndroidManifest.xml:17:22-74
24    <uses-permission android:name="android.permission.WAKE_LOCK" />
24-->src/main/AndroidManifest.xml:18:5-68
24-->src/main/AndroidManifest.xml:18:22-65
25    <uses-permission android:name="android.permission.ACCESS_NETWORK_STATE" />
25-->[androidx.media3:media3-exoplayer:1.5.1] AndroidManifest.xml:22:5-79
25-->[androidx.media3:media3-exoplayer:1.5.1] AndroidManifest.xml:22:22-76
26
27    <permission
27-->[androidx.core:core:1.13.0] AndroidManifest.xml:22:5-24:47
28        android:name="com.example.deepakmediaplayer.DYNAMIC_RECEIVER_NOT_EXPORTED_PERMISSION"
28-->[androidx.core:core:1.13.0] AndroidManifest.xml:23:9-81
29        android:protectionLevel="signature" />
29-->[androidx.core:core:1.13.0] AndroidManifest.xml:24:9-44
30
31    <uses-permission android:name="com.example.deepakmediaplayer.DYNAMIC_RECEIVER_NOT_EXPORTED_PERMISSION" />
31-->[androidx.core:core:1.13.0] AndroidManifest.xml:26:5-97
31-->[androidx.core:core:1.13.0] AndroidManifest.xml:26:22-94
32
33    <application
33-->src/main/AndroidManifest.xml:20:5-66:19
34        android:allowBackup="true"
34-->src/main/AndroidManifest.xml:21:9-35
35        android:appCategory="audio"
35-->src/main/AndroidManifest.xml:22:9-36
36        android:appComponentFactory="androidx.core.app.CoreComponentFactory"
36-->[androidx.core:core:1.13.0] AndroidManifest.xml:28:18-86
37        android:debuggable="true"
38        android:extractNativeLibs="false"
39        android:icon="@mipmap/music_player"
39-->src/main/AndroidManifest.xml:23:9-44
40        android:label="@string/app_name"
40-->src/main/AndroidManifest.xml:24:9-41
41        android:roundIcon="@mipmap/music_player"
41-->src/main/AndroidManifest.xml:25:9-49
42        android:supportsRtl="true"
42-->src/main/AndroidManifest.xml:26:9-35
43        android:testOnly="true"
44        android:theme="@style/Theme.DeepakMediaPlayer" >
44-->src/main/AndroidManifest.xml:27:9-55
45
46        <!-- <service -->
47        <!-- android:name=".service.MusicService" -->
48        <!-- android:enabled="true" -->
49        <!-- android:exported="true"/> -->
50        <!-- <service -->
51        <!-- android:name=".service.musicService" -->
52        <!-- android:enabled="true" -->
53        <!-- android:exported="true"> -->
54        <!--  -->
55        <!--  -->
56        <!-- </service> -->
57        <!-- Automotive Meta-Data -->
58        <meta-data
58-->src/main/AndroidManifest.xml:40:9-42:59
59            android:name="com.google.android.gms.car.application"
59-->src/main/AndroidManifest.xml:41:13-66
60            android:resource="@xml/automotive_app_desc" />
60-->src/main/AndroidManifest.xml:42:13-56
61        <meta-data
61-->src/main/AndroidManifest.xml:43:9-45:57
62            android:name="preloaded_fonts"
62-->src/main/AndroidManifest.xml:44:13-43
63            android:resource="@array/preloaded_fonts" /> <!-- Music Service -->
63-->src/main/AndroidManifest.xml:45:13-54
64
65        <service
65-->src/main/AndroidManifest.xml:47:9-51:61
66            android:name="com.example.deepakmediaplayer.service.MusicService"
66-->src/main/AndroidManifest.xml:48:13-49
67            android:enabled="true"
67-->src/main/AndroidManifest.xml:49:13-35
68            android:exported="false"
68-->src/main/AndroidManifest.xml:50:13-37
69            android:foregroundServiceType="mediaPlayback" /> <!-- <intent-filter> -->
69-->src/main/AndroidManifest.xml:51:13-58
70
71        <activity
71-->src/main/AndroidManifest.xml:53:9-65:20
72            android:name="com.example.deepakmediaplayer.ui.view.FirstActivity"
72-->src/main/AndroidManifest.xml:54:13-50
73            android:configChanges="orientation"
73-->src/main/AndroidManifest.xml:55:13-48
74            android:exported="true"
74-->src/main/AndroidManifest.xml:56:13-36
75            android:screenOrientation="sensorLandscape" >
75-->src/main/AndroidManifest.xml:57:13-56
76            <intent-filter>
76-->src/main/AndroidManifest.xml:58:13-64:29
77                <action android:name="android.intent.action.MAIN" />
77-->src/main/AndroidManifest.xml:59:17-69
77-->src/main/AndroidManifest.xml:59:25-66
78
79                <category android:name="android.intent.category.LAUNCHER" />
79-->src/main/AndroidManifest.xml:61:17-77
79-->src/main/AndroidManifest.xml:61:27-74
80                <category android:name="android.intent.category.APP_MUSIC" />
80-->src/main/AndroidManifest.xml:62:17-78
80-->src/main/AndroidManifest.xml:62:27-75
81                <category android:name="android.intent.category.DEFAULT" />
81-->src/main/AndroidManifest.xml:63:17-76
81-->src/main/AndroidManifest.xml:63:27-73
82            </intent-filter>
83        </activity>
84
85        <provider
85-->[androidx.emoji2:emoji2:1.3.0] AndroidManifest.xml:24:9-32:20
86            android:name="androidx.startup.InitializationProvider"
86-->[androidx.emoji2:emoji2:1.3.0] AndroidManifest.xml:25:13-67
87            android:authorities="com.example.deepakmediaplayer.androidx-startup"
87-->[androidx.emoji2:emoji2:1.3.0] AndroidManifest.xml:26:13-68
88            android:exported="false" >
88-->[androidx.emoji2:emoji2:1.3.0] AndroidManifest.xml:27:13-37
89            <meta-data
89-->[androidx.emoji2:emoji2:1.3.0] AndroidManifest.xml:29:13-31:52
90                android:name="androidx.emoji2.text.EmojiCompatInitializer"
90-->[androidx.emoji2:emoji2:1.3.0] AndroidManifest.xml:30:17-75
91                android:value="androidx.startup" />
91-->[androidx.emoji2:emoji2:1.3.0] AndroidManifest.xml:31:17-49
92            <meta-data
92-->[androidx.lifecycle:lifecycle-process:2.6.2] AndroidManifest.xml:29:13-31:52
93                android:name="androidx.lifecycle.ProcessLifecycleInitializer"
93-->[androidx.lifecycle:lifecycle-process:2.6.2] AndroidManifest.xml:30:17-78
94                android:value="androidx.startup" />
94-->[androidx.lifecycle:lifecycle-process:2.6.2] AndroidManifest.xml:31:17-49
95            <meta-data
95-->[androidx.profileinstaller:profileinstaller:1.4.0] AndroidManifest.xml:29:13-31:52
96                android:name="androidx.profileinstaller.ProfileInstallerInitializer"
96-->[androidx.profileinstaller:profileinstaller:1.4.0] AndroidManifest.xml:30:17-85
97                android:value="androidx.startup" />
97-->[androidx.profileinstaller:profileinstaller:1.4.0] AndroidManifest.xml:31:17-49
98        </provider>
99
100        <receiver
100-->[androidx.profileinstaller:profileinstaller:1.4.0] AndroidManifest.xml:34:9-52:20
101            android:name="androidx.profileinstaller.ProfileInstallReceiver"
101-->[androidx.profileinstaller:profileinstaller:1.4.0] AndroidManifest.xml:35:13-76
102            android:directBootAware="false"
102-->[androidx.profileinstaller:profileinstaller:1.4.0] AndroidManifest.xml:36:13-44
103            android:enabled="true"
103-->[androidx.profileinstaller:profileinstaller:1.4.0] AndroidManifest.xml:37:13-35
104            android:exported="true"
104-->[androidx.profileinstaller:profileinstaller:1.4.0] AndroidManifest.xml:38:13-36
105            android:permission="android.permission.DUMP" >
105-->[androidx.profileinstaller:profileinstaller:1.4.0] AndroidManifest.xml:39:13-57
106            <intent-filter>
106-->[androidx.profileinstaller:profileinstaller:1.4.0] AndroidManifest.xml:40:13-42:29
107                <action android:name="androidx.profileinstaller.action.INSTALL_PROFILE" />
107-->[androidx.profileinstaller:profileinstaller:1.4.0] AndroidManifest.xml:41:17-91
107-->[androidx.profileinstaller:profileinstaller:1.4.0] AndroidManifest.xml:41:25-88
108            </intent-filter>
109            <intent-filter>
109-->[androidx.profileinstaller:profileinstaller:1.4.0] AndroidManifest.xml:43:13-45:29
110                <action android:name="androidx.profileinstaller.action.SKIP_FILE" />
110-->[androidx.profileinstaller:profileinstaller:1.4.0] AndroidManifest.xml:44:17-85
110-->[androidx.profileinstaller:profileinstaller:1.4.0] AndroidManifest.xml:44:25-82
111            </intent-filter>
112            <intent-filter>
112-->[androidx.profileinstaller:profileinstaller:1.4.0] AndroidManifest.xml:46:13-48:29
113                <action android:name="androidx.profileinstaller.action.SAVE_PROFILE" />
113-->[androidx.profileinstaller:profileinstaller:1.4.0] AndroidManifest.xml:47:17-88
113-->[androidx.profileinstaller:profileinstaller:1.4.0] AndroidManifest.xml:47:25-85
114            </intent-filter>
115            <intent-filter>
115-->[androidx.profileinstaller:profileinstaller:1.4.0] AndroidManifest.xml:49:13-51:29
116                <action android:name="androidx.profileinstaller.action.BENCHMARK_OPERATION" />
116-->[androidx.profileinstaller:profileinstaller:1.4.0] AndroidManifest.xml:50:17-95
116-->[androidx.profileinstaller:profileinstaller:1.4.0] AndroidManifest.xml:50:25-92
117            </intent-filter>
118        </receiver>
119    </application>
120
121</manifest>